{"logTime": "0906/125345", "correlationVector":"1dMk9mFHWdT5szOROZpi9F.0","action":"FeedSettingFetch_homeCloud", "result":"0", "context":{}}
{"logTime": "0906/125350", "correlationVector":"wKhui30BBgfJMy/pwvsYVN.1","action":"SyncServerConnectionManagerRequest", "result":"SYNC_SERVER_OK", "context":{"environment":"48F630A6-CB1B-4CC7-86AF-0F6627234B58", "server":"SG2PEPF00000C8F"}}
{"logTime": "0906/125352", "correlationVector":"5kkriClIEJjNcsOTRR6biz.1","action":"SyncServerConnectionManagerRequest", "result":"SYNC_SERVER_OK", "context":{"environment":"48F630A6-CB1B-4CC7-86AF-0F6627234B58", "server":"SG2PEPF00000C8F"}}
{"logTime": "0906/125352", "correlationVector":"wKhui30BBgfJMy/pwvsYVN","action":"Initial GetUpdates", "result":""}
{"logTime": "0906/125352", "correlationVector":"wKhui30BBgfJMy/pwvsYVN.2","action":"GetUpdates Response", "result":"SERVER_MORE_TO_DOWNLOAD"}
{"logTime": "0906/125352", "correlationVector":"5kkriClIEJjNcsOTRR6biz","action":"Initial GetUpdates", "result":""}
{"logTime": "0906/125352", "correlationVector":"5kkriClIEJjNcsOTRR6biz.2","action":"GetUpdates Response", "result":"SYNCER_OK"}
{"logTime": "0906/125353", "correlationVector":"OfN9DFwf0coZnFc5y5Sniz","action":"SyncServerConnectionManagerRequest", "result":"SYNC_SERVER_OK", "context":{"environment":"", "server":""}}
{"logTime": "0906/125353", "correlationVector":"RJJtQRXDPWpxN2am9xnHXk","action":"Initial GetUpdates", "result":""}
{"logTime": "0906/125356", "correlationVector":"RJJtQRXDPWpxN2am9xnHXk.1","action":"SyncServerConnectionManagerRequest", "result":"SYNC_SERVER_OK", "context":{"environment":"48F630A6-CB1B-4CC7-86AF-0F6627234B58", "server":"SG2PEPF00000C8F"}}
{"logTime": "0906/125356", "correlationVector":"RJJtQRXDPWpxN2am9xnHXk.2","action":"GetUpdates Response", "result":"SERVER_MORE_TO_DOWNLOAD"}
{"logTime": "0906/125356", "correlationVector":"c7YhBJBBl6lAGLUf3foYf4","action":"Initial GetUpdates", "result":""}
{"logTime": "0906/125357", "correlationVector":"c7YhBJBBl6lAGLUf3foYf4.1","action":"SyncServerConnectionManagerRequest", "result":"SYNC_SERVER_OK", "context":{"environment":"48F630A6-CB1B-4CC7-86AF-0F6627234B58", "server":"SG2PEPF00000C8F"}}
{"logTime": "0906/125357", "correlationVector":"c7YhBJBBl6lAGLUf3foYf4.2","action":"GetUpdates Response", "result":"SERVER_MORE_TO_DOWNLOAD"}
{"logTime": "0906/125357", "correlationVector":"Jhi3Ea6JEe9HUMYjv6QkH3","action":"Initial GetUpdates", "result":""}
{"logTime": "0906/125359", "correlationVector":"Jhi3Ea6JEe9HUMYjv6QkH3.1","action":"SyncServerConnectionManagerRequest", "result":"SYNC_SERVER_OK", "context":{"environment":"48F630A6-CB1B-4CC7-86AF-0F6627234B58", "server":"SG2PEPF00000C8F"}}
{"logTime": "0906/125359", "correlationVector":"Jhi3Ea6JEe9HUMYjv6QkH3.2","action":"GetUpdates Response", "result":"SYNCER_OK"}
{"logTime": "0906/125359", "correlationVector":"99fiskcUxFtszTlX+5UxtN","action":"Normal GetUpdate request", "result":""}
{"logTime": "0906/125359", "correlationVector":"99fiskcUxFtszTlX+5UxtN.1","action":"SyncServerConnectionManagerRequest", "result":"SYNC_SERVER_OK", "context":{"environment":"48F630A6-CB1B-4CC7-86AF-0F6627234B58", "server":"SG2PEPF00000C8F"}}
{"logTime": "0906/125359", "correlationVector":"99fiskcUxFtszTlX+5UxtN.2","action":"GetUpdates Response", "result":"SYNCER_OK"}
{"logTime": "0906/125359", "correlationVector":"YCbJgTN3/puJrbcIHvy0H2","action":"Commit Request", "result":""}
{"logTime": "0906/125359", "correlationVector":"YCbJgTN3/puJrbcIHvy0H2.1","action":"SyncServerConnectionManagerRequest", "result":"SYNC_SERVER_OK", "context":{"environment":"48F630A6-CB1B-4CC7-86AF-0F6627234B58", "server":"SG2PEPF00000C8F"}}
{"logTime": "0906/125359", "correlationVector":"YCbJgTN3/puJrbcIHvy0H2.2","action":"Commit Response", "result":"SYNCER_OK"}
